<?xml version="1.0" encoding="UTF-8"?>
<!-- Generated by org.testng.reporters.JUnitReportReporter -->
<testsuite hostname="Praveens-MacBook-Pro.local" failures="0" tests="1" name="cucumber.TestNGTestRunner" time="7.859" errors="0" timestamp="2024-07-19T20:12:59 IST" skipped="0">
  <testcase classname="cucumber.TestNGTestRunner" name="runScenario" time="7.859"/>
</testsuite> <!-- cucumber.TestNGTestRunner -->
