<?xml version="1.0" encoding="UTF-8"?>
<!-- Generated by org.testng.reporters.JUnitReportReporter -->
<testsuite hostname="Praveens-MacBook-Pro.local" failures="0" tests="1" name="org.selpractice.tests.ErrorValidation" time="10.250" errors="0" timestamp="2024-07-19T20:11:42 IST" skipped="0">
  <testcase classname="org.selpractice.tests.ErrorValidation" name="loginErrorValidation" time="10.250"/>
</testsuite> <!-- org.selpractice.tests.ErrorValidation -->
